
2018-02-17 04:20:41-0000 [-] LockHandler on mkimble88(account 1): access type 'examine' changed from 'examine:perm(Admin)' to 'examine:perm(Admin)' 
LockHandler on mkimble88(account 1): access type 'edit' changed from 'edit:perm(Admin)' to 'edit:perm(Admin)' 
LockHandler on mkimble88(account 1): access type 'delete' changed from 'delete:perm(Admin)' to 'delete:perm(Admin)' 
LockHandler on mkimble88(account 1): access type 'boot' changed from 'boot:perm(Admin)' to 'boot:perm(Admin)' 
LockHandler on mkimble88(account 1): access type 'msg' changed from 'msg:all()' to 'msg:all()' 
LockHandler on mkimble88(account 1): access type 'noidletimeout' changed from 'noidletimeout:perm(Builder) or perm(noidletimeout)' to 'noidletimeout:perm(Builder) or perm(noidletimeout)'
2018-02-17 04:20:41-0000 [-] LockHandler on mkimble88(account 1): access type 'examine' changed from 'examine:perm(Admin)' to 'examine:perm(Developer)' 
LockHandler on mkimble88(account 1): access type 'edit' changed from 'edit:perm(Admin)' to 'edit:false()' 
LockHandler on mkimble88(account 1): access type 'delete' changed from 'delete:perm(Admin)' to 'delete:false()' 
LockHandler on mkimble88(account 1): access type 'boot' changed from 'boot:perm(Admin)' to 'boot:false()' 
LockHandler on mkimble88(account 1): access type 'msg' changed from 'msg:all()' to 'msg:all()'
2018-02-17 04:20:41-0000 [-] LockHandler on mkimble88: access type 'get' changed from 'get:all()' to 'get:false()' 
LockHandler on mkimble88: access type 'call' changed from 'call:true()' to 'call:false()'
2018-02-17 04:20:41-0000 [-] LockHandler on mkimble88: access type 'examine' changed from 'examine:perm(Builder)' to 'examine:perm(Developer)' 
LockHandler on mkimble88: access type 'edit' changed from 'edit:perm(Admin)' to 'edit:false()' 
LockHandler on mkimble88: access type 'delete' changed from 'delete:perm(Admin)' to 'delete:false()' 
LockHandler on mkimble88: access type 'puppet' changed from 'puppet:pperm(Developer)' to 'puppet:false()'
2018-02-17 04:20:41-0000 [-] LockHandler on Limbo: access type 'get' changed from 'get:all()' to 'get:false()' 
LockHandler on Limbo: access type 'puppet' changed from 'puppet:pperm(Developer)' to 'puppet:false()'
2018-02-17 19:00:41-0500 [-] LockHandler on NPC: access type 'control' changed from 'control:perm(Developer)' to 'control:id(1) or perm(Admin)' 
LockHandler on NPC: access type 'delete' changed from 'delete:perm(Admin)' to 'delete:id(1) or perm(Admin)'
2018-02-17 19:01:48-0500 [-] LockHandler on Oven: access type 'control' changed from 'control:perm(Developer)' to 'control:id(1) or perm(Admin)' 
LockHandler on Oven: access type 'delete' changed from 'delete:perm(Admin)' to 'delete:id(1) or perm(Admin)'
2018-02-17 19:14:05-0500 [-] LockHandler on Oven: access type 'get' changed from 'get:all()' to 'get:false()'
2018-02-17 19:38:05-0500 [-] LockHandler on Manny: access type 'get' changed from 'get:all()' to 'get:false()' 
LockHandler on Manny: access type 'call' changed from 'call:true()' to 'call:false()'
2018-02-17 19:38:05-0500 [-] LockHandler on Manny: access type 'control' changed from 'control:perm(Developer)' to 'control:id(1) or perm(Admin)' 
LockHandler on Manny: access type 'delete' changed from 'delete:perm(Admin)' to 'delete:id(1) or perm(Admin)'
2018-02-17 22:15:56-0500 [-] LockHandler on North Corridor: access type 'get' changed from 'get:all()' to 'get:false()' 
LockHandler on North Corridor: access type 'puppet' changed from 'puppet:pperm(Developer)' to 'puppet:false()'
2018-02-17 22:15:56-0500 [-] LockHandler on North Corridor: access type 'control' changed from 'control:perm(Developer)' to 'control:id(1) or perm(Admin)' 
LockHandler on North Corridor: access type 'delete' changed from 'delete:perm(Admin)' to ' delete:id(1) or perm(Admin)' 
LockHandler on North Corridor: access type 'edit' changed from 'edit:perm(Admin)' to ' edit:id(1) or perm(Admin)'
2018-02-17 22:30:46-0500 [-] LockHandler on Kitchen: access type 'get' changed from 'get:all()' to 'get:false()' 
LockHandler on Kitchen: access type 'puppet' changed from 'puppet:pperm(Developer)' to 'puppet:false()'
2018-02-17 22:30:46-0500 [-] LockHandler on Kitchen: access type 'control' changed from 'control:perm(Developer)' to 'control:id(1) or perm(Admin)' 
LockHandler on Kitchen: access type 'delete' changed from 'delete:perm(Admin)' to ' delete:id(1) or perm(Admin)' 
LockHandler on Kitchen: access type 'edit' changed from 'edit:perm(Admin)' to ' edit:id(1) or perm(Admin)'
2018-02-17 22:30:46-0500 [-] LockHandler on east: access type 'puppet' changed from 'puppet:pperm(Developer)' to 'puppet:false()' 
LockHandler on east: access type 'get' changed from 'get:all()' to 'get:false()'
2018-02-17 22:30:46-0500 [-] LockHandler on east: access type 'control' changed from 'control:perm(Developer)' to 'control:id(1) or perm(Admin)' 
LockHandler on east: access type 'delete' changed from 'delete:perm(Admin)' to ' delete:id(1) or perm(Admin)' 
LockHandler on east: access type 'edit' changed from 'edit:perm(Admin)' to ' edit:id(1) or perm(Admin)'
2018-02-17 22:30:46-0500 [-] LockHandler on west: access type 'puppet' changed from 'puppet:pperm(Developer)' to 'puppet:false()' 
LockHandler on west: access type 'get' changed from 'get:all()' to 'get:false()'
2018-02-17 22:30:46-0500 [-] LockHandler on west: access type 'control' changed from 'control:perm(Developer)' to 'control:id(1) or perm(Admin)' 
LockHandler on west: access type 'delete' changed from 'delete:perm(Admin)' to ' delete:id(1) or perm(Admin)' 
LockHandler on west: access type 'edit' changed from 'edit:perm(Admin)' to ' edit:id(1) or perm(Admin)'
2018-02-17 23:04:10-0500 [-] LockHandler on Aviary: access type 'get' changed from 'get:all()' to 'get:false()' 
LockHandler on Aviary: access type 'puppet' changed from 'puppet:pperm(Developer)' to 'puppet:false()'
2018-02-17 23:04:10-0500 [-] LockHandler on Aviary: access type 'control' changed from 'control:perm(Developer)' to 'control:id(1) or perm(Admin)' 
LockHandler on Aviary: access type 'delete' changed from 'delete:perm(Admin)' to ' delete:id(1) or perm(Admin)' 
LockHandler on Aviary: access type 'edit' changed from 'edit:perm(Admin)' to ' edit:id(1) or perm(Admin)'
2018-02-17 23:04:10-0500 [-] LockHandler on n: access type 'puppet' changed from 'puppet:pperm(Developer)' to 'puppet:false()' 
LockHandler on n: access type 'get' changed from 'get:all()' to 'get:false()'
2018-02-17 23:04:10-0500 [-] LockHandler on n: access type 'control' changed from 'control:perm(Developer)' to 'control:id(1) or perm(Admin)' 
LockHandler on n: access type 'delete' changed from 'delete:perm(Admin)' to ' delete:id(1) or perm(Admin)' 
LockHandler on n: access type 'edit' changed from 'edit:perm(Admin)' to ' edit:id(1) or perm(Admin)'
2018-02-17 23:04:10-0500 [-] LockHandler on s: access type 'puppet' changed from 'puppet:pperm(Developer)' to 'puppet:false()' 
LockHandler on s: access type 'get' changed from 'get:all()' to 'get:false()'
2018-02-17 23:04:10-0500 [-] LockHandler on s: access type 'control' changed from 'control:perm(Developer)' to 'control:id(1) or perm(Admin)' 
LockHandler on s: access type 'delete' changed from 'delete:perm(Admin)' to ' delete:id(1) or perm(Admin)' 
LockHandler on s: access type 'edit' changed from 'edit:perm(Admin)' to ' edit:id(1) or perm(Admin)'
2018-02-17 23:09:24-0500 [-] LockHandler on Parrot: access type 'get' changed from 'get:all()' to 'get:false()' 
LockHandler on Parrot: access type 'call' changed from 'call:true()' to 'call:false()'
2018-02-17 23:09:24-0500 [-] LockHandler on Parrot: access type 'control' changed from 'control:perm(Developer)' to 'control:id(1) or perm(Admin)' 
LockHandler on Parrot: access type 'delete' changed from 'delete:perm(Admin)' to 'delete:id(1) or perm(Admin)'
2018-02-17 23:12:03-0500 [-] LockHandler on A Parrot: access type 'get' changed from 'get:all()' to 'get:false()' 
LockHandler on A Parrot: access type 'call' changed from 'call:true()' to 'call:false()'
2018-02-17 23:12:03-0500 [-] LockHandler on A Parrot: access type 'control' changed from 'control:perm(Developer)' to 'control:id(1) or perm(Admin)' 
LockHandler on A Parrot: access type 'delete' changed from 'delete:perm(Admin)' to 'delete:id(1) or perm(Admin)'
2018-02-17 23:29:03-0500 [-] LockHandler on A Parrot: access type 'get' changed from 'get:all()' to 'get:false()' 
LockHandler on A Parrot: access type 'call' changed from 'call:true()' to 'call:false()'
2018-02-17 23:29:03-0500 [-] LockHandler on A Parrot: access type 'control' changed from 'control:perm(Developer)' to 'control:id(1) or perm(Admin)' 
LockHandler on A Parrot: access type 'delete' changed from 'delete:perm(Admin)' to 'delete:id(1) or perm(Admin)'
2018-02-18 00:47:04-0500 [-] LockHandler on mkimble88: access type 'control' changed from 'control:perm(Developer)' to 'control:perm(Developer)' 
LockHandler on mkimble88: access type 'examine' changed from 'examine:perm(Builder)' to 'examine:perm(Builder)' 
LockHandler on mkimble88: access type 'view' changed from 'view:all()' to 'view:all()' 
LockHandler on mkimble88: access type 'edit' changed from 'edit:perm(Admin)' to 'edit:perm(Admin)' 
LockHandler on mkimble88: access type 'delete' changed from 'delete:perm(Admin)' to 'delete:perm(Admin)' 
LockHandler on mkimble88: access type 'get' changed from 'get:false()' to 'get:all()' 
LockHandler on mkimble88: access type 'call' changed from 'call:false()' to 'call:true()' 
LockHandler on mkimble88: access type 'tell' changed from 'tell:perm(Admin)' to 'tell:perm(Admin)' 
LockHandler on mkimble88: access type 'puppet' changed from 'puppet:pperm(Developer)' to 'puppet:pperm(Developer)'
2018-02-18 00:47:04-0500 [-] LockHandler on mkimble88: access type 'get' changed from 'get:all()' to 'get:false()' 
LockHandler on mkimble88: access type 'call' changed from 'call:true()' to 'call:false()'
2018-02-18 01:57:28-0500 [-] LockHandler on Manny: access type 'get' changed from 'get:all()' to 'get:false()' 
LockHandler on Manny: access type 'call' changed from 'call:true()' to 'call:false()'
2018-02-18 01:57:28-0500 [-] LockHandler on Manny: access type 'control' changed from 'control:perm(Developer)' to 'control:id(1) or perm(Admin)' 
LockHandler on Manny: access type 'delete' changed from 'delete:perm(Admin)' to 'delete:id(1) or perm(Admin)'
2018-02-18 03:14:19-0500 [-] LockHandler on A Garden: access type 'control' changed from 'control:perm(Developer)' to 'control:perm(Developer)' 
LockHandler on A Garden: access type 'examine' changed from 'examine:perm(Builder)' to 'examine:perm(Builder)' 
LockHandler on A Garden: access type 'view' changed from 'view:all()' to 'view:all()' 
LockHandler on A Garden: access type 'edit' changed from 'edit:perm(Admin)' to 'edit:perm(Admin)' 
LockHandler on A Garden: access type 'delete' changed from 'delete:perm(Admin)' to 'delete:perm(Admin)' 
LockHandler on A Garden: access type 'get' changed from 'get:false()' to 'get:all()' 
LockHandler on A Garden: access type 'call' changed from 'call:true()' to 'call:true()' 
LockHandler on A Garden: access type 'tell' changed from 'tell:perm(Admin)' to 'tell:perm(Admin)' 
LockHandler on A Garden: access type 'puppet' changed from 'puppet:false()' to 'puppet:pperm(Developer)'
2018-02-18 03:14:19-0500 [-] LockHandler on A Garden: access type 'get' changed from 'get:all()' to 'get:false()' 
LockHandler on A Garden: access type 'puppet' changed from 'puppet:pperm(Developer)' to 'puppet:false()'
2018-02-18 03:14:54-0500 [-] LockHandler on A Garden: access type 'control' changed from 'control:perm(Developer)' to 'control:perm(Developer)' 
LockHandler on A Garden: access type 'examine' changed from 'examine:perm(Builder)' to 'examine:perm(Builder)' 
LockHandler on A Garden: access type 'view' changed from 'view:all()' to 'view:all()' 
LockHandler on A Garden: access type 'edit' changed from 'edit:perm(Admin)' to 'edit:perm(Admin)' 
LockHandler on A Garden: access type 'delete' changed from 'delete:perm(Admin)' to 'delete:perm(Admin)' 
LockHandler on A Garden: access type 'get' changed from 'get:false()' to 'get:all()' 
LockHandler on A Garden: access type 'call' changed from 'call:true()' to 'call:true()' 
LockHandler on A Garden: access type 'tell' changed from 'tell:perm(Admin)' to 'tell:perm(Admin)' 
LockHandler on A Garden: access type 'puppet' changed from 'puppet:false()' to 'puppet:pperm(Developer)'
2018-02-18 03:14:54-0500 [-] LockHandler on A Garden: access type 'get' changed from 'get:all()' to 'get:false()' 
LockHandler on A Garden: access type 'puppet' changed from 'puppet:pperm(Developer)' to 'puppet:false()'
2018-02-18 04:44:49-0500 [-] LockHandler on bread loaf: access type 'control' changed from 'control:perm(Developer)' to 'control:id(1) or perm(Admin)' 
LockHandler on bread loaf: access type 'delete' changed from 'delete:perm(Admin)' to 'delete:id(1) or perm(Admin)'
2018-02-18 06:23:29-0500 [-] LockHandler on A Garden: access type 'control' changed from 'control:perm(Developer)' to 'control:perm(Developer)' 
LockHandler on A Garden: access type 'examine' changed from 'examine:perm(Builder)' to 'examine:perm(Builder)' 
LockHandler on A Garden: access type 'view' changed from 'view:all()' to 'view:all()' 
LockHandler on A Garden: access type 'edit' changed from 'edit:perm(Admin)' to 'edit:perm(Admin)' 
LockHandler on A Garden: access type 'delete' changed from 'delete:perm(Admin)' to 'delete:perm(Admin)' 
LockHandler on A Garden: access type 'get' changed from 'get:false()' to 'get:all()' 
LockHandler on A Garden: access type 'call' changed from 'call:true()' to 'call:true()' 
LockHandler on A Garden: access type 'tell' changed from 'tell:perm(Admin)' to 'tell:perm(Admin)' 
LockHandler on A Garden: access type 'puppet' changed from 'puppet:false()' to 'puppet:pperm(Developer)'
2018-02-18 06:23:29-0500 [-] LockHandler on A Garden: access type 'get' changed from 'get:all()' to 'get:false()' 
LockHandler on A Garden: access type 'puppet' changed from 'puppet:pperm(Developer)' to 'puppet:false()'
2018-02-18 13:09:33-0500 [-] LockHandler on Manny: access type 'control' changed from 'control:id(1) or perm(Admin)' to 'control:perm(Developer)' 
LockHandler on Manny: access type 'examine' changed from 'examine:perm(Builder)' to 'examine:perm(Builder)' 
LockHandler on Manny: access type 'view' changed from 'view:all()' to 'view:all()' 
LockHandler on Manny: access type 'edit' changed from 'edit:perm(Admin)' to 'edit:perm(Admin)' 
LockHandler on Manny: access type 'delete' changed from 'delete:id(1) or perm(Admin)' to 'delete:perm(Admin)' 
LockHandler on Manny: access type 'get' changed from 'get:false()' to 'get:all()' 
LockHandler on Manny: access type 'call' changed from 'call:false()' to 'call:true()' 
LockHandler on Manny: access type 'tell' changed from 'tell:perm(Admin)' to 'tell:perm(Admin)' 
LockHandler on Manny: access type 'puppet' changed from 'puppet:pperm(Developer)' to 'puppet:pperm(Developer)'
2018-02-18 13:09:33-0500 [-] LockHandler on Manny: access type 'get' changed from 'get:all()' to 'get:false()' 
LockHandler on Manny: access type 'call' changed from 'call:true()' to 'call:false()'
2018-02-18 13:09:57-0500 [-] LockHandler on Manny: access type 'control' changed from 'control:perm(Developer)' to 'control:perm(Developer)' 
LockHandler on Manny: access type 'examine' changed from 'examine:perm(Builder)' to 'examine:perm(Builder)' 
LockHandler on Manny: access type 'view' changed from 'view:all()' to 'view:all()' 
LockHandler on Manny: access type 'edit' changed from 'edit:perm(Admin)' to 'edit:perm(Admin)' 
LockHandler on Manny: access type 'delete' changed from 'delete:perm(Admin)' to 'delete:perm(Admin)' 
LockHandler on Manny: access type 'get' changed from 'get:false()' to 'get:all()' 
LockHandler on Manny: access type 'call' changed from 'call:false()' to 'call:true()' 
LockHandler on Manny: access type 'tell' changed from 'tell:perm(Admin)' to 'tell:perm(Admin)' 
LockHandler on Manny: access type 'puppet' changed from 'puppet:pperm(Developer)' to 'puppet:pperm(Developer)'
2018-02-18 13:09:57-0500 [-] LockHandler on Manny: access type 'get' changed from 'get:all()' to 'get:false()' 
LockHandler on Manny: access type 'call' changed from 'call:true()' to 'call:false()'
2018-02-18 13:11:21-0500 [-] LockHandler on Manny: access type 'control' changed from 'control:perm(Developer)' to 'control:perm(Developer)' 
LockHandler on Manny: access type 'examine' changed from 'examine:perm(Builder)' to 'examine:perm(Builder)' 
LockHandler on Manny: access type 'view' changed from 'view:all()' to 'view:all()' 
LockHandler on Manny: access type 'edit' changed from 'edit:perm(Admin)' to 'edit:perm(Admin)' 
LockHandler on Manny: access type 'delete' changed from 'delete:perm(Admin)' to 'delete:perm(Admin)' 
LockHandler on Manny: access type 'get' changed from 'get:false()' to 'get:all()' 
LockHandler on Manny: access type 'call' changed from 'call:false()' to 'call:true()' 
LockHandler on Manny: access type 'tell' changed from 'tell:perm(Admin)' to 'tell:perm(Admin)' 
LockHandler on Manny: access type 'puppet' changed from 'puppet:pperm(Developer)' to 'puppet:pperm(Developer)'
2018-02-18 13:11:21-0500 [-] LockHandler on Manny: access type 'get' changed from 'get:all()' to 'get:false()' 
LockHandler on Manny: access type 'call' changed from 'call:true()' to 'call:false()'
2018-02-18 13:11:37-0500 [-] LockHandler on Manny: access type 'control' changed from 'control:perm(Developer)' to 'control:perm(Developer)' 
LockHandler on Manny: access type 'examine' changed from 'examine:perm(Builder)' to 'examine:perm(Builder)' 
LockHandler on Manny: access type 'view' changed from 'view:all()' to 'view:all()' 
LockHandler on Manny: access type 'edit' changed from 'edit:perm(Admin)' to 'edit:perm(Admin)' 
LockHandler on Manny: access type 'delete' changed from 'delete:perm(Admin)' to 'delete:perm(Admin)' 
LockHandler on Manny: access type 'get' changed from 'get:false()' to 'get:all()' 
LockHandler on Manny: access type 'call' changed from 'call:false()' to 'call:true()' 
LockHandler on Manny: access type 'tell' changed from 'tell:perm(Admin)' to 'tell:perm(Admin)' 
LockHandler on Manny: access type 'puppet' changed from 'puppet:pperm(Developer)' to 'puppet:pperm(Developer)'
2018-02-18 13:11:37-0500 [-] LockHandler on Manny: access type 'get' changed from 'get:all()' to 'get:false()' 
LockHandler on Manny: access type 'call' changed from 'call:true()' to 'call:false()'
2018-02-18 13:12:34-0500 [-] LockHandler on Manny: access type 'control' changed from 'control:perm(Developer)' to 'control:perm(Developer)' 
LockHandler on Manny: access type 'examine' changed from 'examine:perm(Builder)' to 'examine:perm(Builder)' 
LockHandler on Manny: access type 'view' changed from 'view:all()' to 'view:all()' 
LockHandler on Manny: access type 'edit' changed from 'edit:perm(Admin)' to 'edit:perm(Admin)' 
LockHandler on Manny: access type 'delete' changed from 'delete:perm(Admin)' to 'delete:perm(Admin)' 
LockHandler on Manny: access type 'get' changed from 'get:false()' to 'get:all()' 
LockHandler on Manny: access type 'call' changed from 'call:false()' to 'call:true()' 
LockHandler on Manny: access type 'tell' changed from 'tell:perm(Admin)' to 'tell:perm(Admin)' 
LockHandler on Manny: access type 'puppet' changed from 'puppet:pperm(Developer)' to 'puppet:pperm(Developer)'
2018-02-18 13:12:34-0500 [-] LockHandler on Manny: access type 'get' changed from 'get:all()' to 'get:false()' 
LockHandler on Manny: access type 'call' changed from 'call:true()' to 'call:false()'
2018-02-18 13:21:27-0500 [-] LockHandler on Manny: access type 'control' changed from 'control:perm(Developer)' to 'control:perm(Developer)' 
LockHandler on Manny: access type 'examine' changed from 'examine:perm(Builder)' to 'examine:perm(Builder)' 
LockHandler on Manny: access type 'view' changed from 'view:all()' to 'view:all()' 
LockHandler on Manny: access type 'edit' changed from 'edit:perm(Admin)' to 'edit:perm(Admin)' 
LockHandler on Manny: access type 'delete' changed from 'delete:perm(Admin)' to 'delete:perm(Admin)' 
LockHandler on Manny: access type 'get' changed from 'get:false()' to 'get:all()' 
LockHandler on Manny: access type 'call' changed from 'call:false()' to 'call:true()' 
LockHandler on Manny: access type 'tell' changed from 'tell:perm(Admin)' to 'tell:perm(Admin)' 
LockHandler on Manny: access type 'puppet' changed from 'puppet:pperm(Developer)' to 'puppet:pperm(Developer)'
2018-02-18 13:21:27-0500 [-] LockHandler on Manny: access type 'get' changed from 'get:all()' to 'get:false()' 
LockHandler on Manny: access type 'call' changed from 'call:true()' to 'call:false()'
2018-02-18 13:35:03-0500 [-] LockHandler on mkimble88: access type 'control' changed from 'control:perm(Developer)' to 'control:perm(Developer)' 
LockHandler on mkimble88: access type 'examine' changed from 'examine:perm(Builder)' to 'examine:perm(Builder)' 
LockHandler on mkimble88: access type 'view' changed from 'view:all()' to 'view:all()' 
LockHandler on mkimble88: access type 'edit' changed from 'edit:perm(Admin)' to 'edit:perm(Admin)' 
LockHandler on mkimble88: access type 'delete' changed from 'delete:perm(Admin)' to 'delete:perm(Admin)' 
LockHandler on mkimble88: access type 'get' changed from 'get:false()' to 'get:all()' 
LockHandler on mkimble88: access type 'call' changed from 'call:false()' to 'call:true()' 
LockHandler on mkimble88: access type 'tell' changed from 'tell:perm(Admin)' to 'tell:perm(Admin)' 
LockHandler on mkimble88: access type 'puppet' changed from 'puppet:pperm(Developer)' to 'puppet:pperm(Developer)'
2018-02-18 13:35:03-0500 [-] LockHandler on mkimble88: access type 'get' changed from 'get:all()' to 'get:false()' 
LockHandler on mkimble88: access type 'call' changed from 'call:true()' to 'call:false()'
2018-02-18 13:36:53-0500 [-] LockHandler on mkimble88: access type 'control' changed from 'control:perm(Developer)' to 'control:perm(Developer)' 
LockHandler on mkimble88: access type 'examine' changed from 'examine:perm(Builder)' to 'examine:perm(Builder)' 
LockHandler on mkimble88: access type 'view' changed from 'view:all()' to 'view:all()' 
LockHandler on mkimble88: access type 'edit' changed from 'edit:perm(Admin)' to 'edit:perm(Admin)' 
LockHandler on mkimble88: access type 'delete' changed from 'delete:perm(Admin)' to 'delete:perm(Admin)' 
LockHandler on mkimble88: access type 'get' changed from 'get:false()' to 'get:all()' 
LockHandler on mkimble88: access type 'call' changed from 'call:false()' to 'call:true()' 
LockHandler on mkimble88: access type 'tell' changed from 'tell:perm(Admin)' to 'tell:perm(Admin)' 
LockHandler on mkimble88: access type 'puppet' changed from 'puppet:pperm(Developer)' to 'puppet:pperm(Developer)'
2018-02-18 13:36:53-0500 [-] LockHandler on mkimble88: access type 'get' changed from 'get:all()' to 'get:false()' 
LockHandler on mkimble88: access type 'call' changed from 'call:true()' to 'call:false()'
2018-02-18 13:47:04-0500 [-] LockHandler on mkimble88: access type 'control' changed from 'control:perm(Developer)' to 'control:perm(Developer)' 
LockHandler on mkimble88: access type 'examine' changed from 'examine:perm(Builder)' to 'examine:perm(Builder)' 
LockHandler on mkimble88: access type 'view' changed from 'view:all()' to 'view:all()' 
LockHandler on mkimble88: access type 'edit' changed from 'edit:perm(Admin)' to 'edit:perm(Admin)' 
LockHandler on mkimble88: access type 'delete' changed from 'delete:perm(Admin)' to 'delete:perm(Admin)' 
LockHandler on mkimble88: access type 'get' changed from 'get:false()' to 'get:all()' 
LockHandler on mkimble88: access type 'call' changed from 'call:false()' to 'call:true()' 
LockHandler on mkimble88: access type 'tell' changed from 'tell:perm(Admin)' to 'tell:perm(Admin)' 
LockHandler on mkimble88: access type 'puppet' changed from 'puppet:pperm(Developer)' to 'puppet:pperm(Developer)'
2018-02-18 13:47:04-0500 [-] LockHandler on mkimble88: access type 'get' changed from 'get:all()' to 'get:false()' 
LockHandler on mkimble88: access type 'call' changed from 'call:true()' to 'call:false()'
2018-02-18 13:59:50-0500 [-] LockHandler on mkimble88: access type 'control' changed from 'control:perm(Developer)' to 'control:perm(Developer)' 
LockHandler on mkimble88: access type 'examine' changed from 'examine:perm(Builder)' to 'examine:perm(Builder)' 
LockHandler on mkimble88: access type 'view' changed from 'view:all()' to 'view:all()' 
LockHandler on mkimble88: access type 'edit' changed from 'edit:perm(Admin)' to 'edit:perm(Admin)' 
LockHandler on mkimble88: access type 'delete' changed from 'delete:perm(Admin)' to 'delete:perm(Admin)' 
LockHandler on mkimble88: access type 'get' changed from 'get:false()' to 'get:all()' 
LockHandler on mkimble88: access type 'call' changed from 'call:false()' to 'call:true()' 
LockHandler on mkimble88: access type 'tell' changed from 'tell:perm(Admin)' to 'tell:perm(Admin)' 
LockHandler on mkimble88: access type 'puppet' changed from 'puppet:pperm(Developer)' to 'puppet:pperm(Developer)'
2018-02-18 13:59:51-0500 [-] LockHandler on mkimble88: access type 'get' changed from 'get:all()' to 'get:false()' 
LockHandler on mkimble88: access type 'call' changed from 'call:true()' to 'call:false()'
2018-02-18 14:01:38-0500 [-] LockHandler on mkimble88: access type 'control' changed from 'control:perm(Developer)' to 'control:perm(Developer)' 
LockHandler on mkimble88: access type 'examine' changed from 'examine:perm(Builder)' to 'examine:perm(Builder)' 
LockHandler on mkimble88: access type 'view' changed from 'view:all()' to 'view:all()' 
LockHandler on mkimble88: access type 'edit' changed from 'edit:perm(Admin)' to 'edit:perm(Admin)' 
LockHandler on mkimble88: access type 'delete' changed from 'delete:perm(Admin)' to 'delete:perm(Admin)' 
LockHandler on mkimble88: access type 'get' changed from 'get:false()' to 'get:all()' 
LockHandler on mkimble88: access type 'call' changed from 'call:false()' to 'call:true()' 
LockHandler on mkimble88: access type 'tell' changed from 'tell:perm(Admin)' to 'tell:perm(Admin)' 
LockHandler on mkimble88: access type 'puppet' changed from 'puppet:pperm(Developer)' to 'puppet:pperm(Developer)'
2018-02-18 14:01:38-0500 [-] LockHandler on mkimble88: access type 'get' changed from 'get:all()' to 'get:false()' 
LockHandler on mkimble88: access type 'call' changed from 'call:true()' to 'call:false()'
2018-02-18 14:03:53-0500 [-] LockHandler on mkimble88: access type 'control' changed from 'control:perm(Developer)' to 'control:perm(Developer)' 
LockHandler on mkimble88: access type 'examine' changed from 'examine:perm(Builder)' to 'examine:perm(Builder)' 
LockHandler on mkimble88: access type 'view' changed from 'view:all()' to 'view:all()' 
LockHandler on mkimble88: access type 'edit' changed from 'edit:perm(Admin)' to 'edit:perm(Admin)' 
LockHandler on mkimble88: access type 'delete' changed from 'delete:perm(Admin)' to 'delete:perm(Admin)' 
LockHandler on mkimble88: access type 'get' changed from 'get:false()' to 'get:all()' 
LockHandler on mkimble88: access type 'call' changed from 'call:false()' to 'call:true()' 
LockHandler on mkimble88: access type 'tell' changed from 'tell:perm(Admin)' to 'tell:perm(Admin)' 
LockHandler on mkimble88: access type 'puppet' changed from 'puppet:pperm(Developer)' to 'puppet:pperm(Developer)'
2018-02-18 14:03:53-0500 [-] LockHandler on mkimble88: access type 'get' changed from 'get:all()' to 'get:false()' 
LockHandler on mkimble88: access type 'call' changed from 'call:true()' to 'call:false()'
2018-02-18 14:34:01-0500 [-] LockHandler on Living Room: access type 'control' changed from 'control:id(1) or perm(Admin)' to 'control:perm(Developer)' 
LockHandler on Living Room: access type 'examine' changed from 'examine:perm(Builder)' to 'examine:perm(Builder)' 
LockHandler on Living Room: access type 'view' changed from 'view:all()' to 'view:all()' 
LockHandler on Living Room: access type 'edit' changed from ' edit:id(1) or perm(Admin)' to 'edit:perm(Admin)' 
LockHandler on Living Room: access type 'delete' changed from ' delete:id(1) or perm(Admin)' to 'delete:perm(Admin)' 
LockHandler on Living Room: access type 'get' changed from 'get:false()' to 'get:all()' 
LockHandler on Living Room: access type 'call' changed from 'call:true()' to 'call:true()' 
LockHandler on Living Room: access type 'tell' changed from 'tell:perm(Admin)' to 'tell:perm(Admin)' 
LockHandler on Living Room: access type 'puppet' changed from 'puppet:false()' to 'puppet:pperm(Developer)'
2018-02-18 14:34:01-0500 [-] LockHandler on Living Room: access type 'get' changed from 'get:all()' to 'get:false()' 
LockHandler on Living Room: access type 'puppet' changed from 'puppet:pperm(Developer)' to 'puppet:false()'
2018-02-18 14:45:48-0500 [-] LockHandler on Manny: access type 'control' changed from 'control:perm(Developer)' to 'control:perm(Developer)' 
LockHandler on Manny: access type 'examine' changed from 'examine:perm(Builder)' to 'examine:perm(Builder)' 
LockHandler on Manny: access type 'view' changed from 'view:all()' to 'view:all()' 
LockHandler on Manny: access type 'edit' changed from 'edit:perm(Admin)' to 'edit:perm(Admin)' 
LockHandler on Manny: access type 'delete' changed from 'delete:perm(Admin)' to 'delete:perm(Admin)' 
LockHandler on Manny: access type 'get' changed from 'get:false()' to 'get:all()' 
LockHandler on Manny: access type 'call' changed from 'call:false()' to 'call:true()' 
LockHandler on Manny: access type 'tell' changed from 'tell:perm(Admin)' to 'tell:perm(Admin)' 
LockHandler on Manny: access type 'puppet' changed from 'puppet:pperm(Developer)' to 'puppet:pperm(Developer)'
2018-02-18 14:45:48-0500 [-] LockHandler on Manny: access type 'get' changed from 'get:all()' to 'get:false()' 
LockHandler on Manny: access type 'call' changed from 'call:true()' to 'call:false()'
2018-02-18 14:49:13-0500 [-] LockHandler on Manny: access type 'control' changed from 'control:perm(Developer)' to 'control:perm(Developer)' 
LockHandler on Manny: access type 'examine' changed from 'examine:perm(Builder)' to 'examine:perm(Builder)' 
LockHandler on Manny: access type 'view' changed from 'view:all()' to 'view:all()' 
LockHandler on Manny: access type 'edit' changed from 'edit:perm(Admin)' to 'edit:perm(Admin)' 
LockHandler on Manny: access type 'delete' changed from 'delete:perm(Admin)' to 'delete:perm(Admin)' 
LockHandler on Manny: access type 'get' changed from 'get:false()' to 'get:all()' 
LockHandler on Manny: access type 'call' changed from 'call:false()' to 'call:true()' 
LockHandler on Manny: access type 'tell' changed from 'tell:perm(Admin)' to 'tell:perm(Admin)' 
LockHandler on Manny: access type 'puppet' changed from 'puppet:pperm(Developer)' to 'puppet:pperm(Developer)'
2018-02-18 14:49:13-0500 [-] LockHandler on Manny: access type 'get' changed from 'get:all()' to 'get:false()' 
LockHandler on Manny: access type 'call' changed from 'call:true()' to 'call:false()'
2018-02-18 15:06:34-0500 [-] LockHandler on Manny: access type 'control' changed from 'control:perm(Developer)' to 'control:perm(Developer)' 
LockHandler on Manny: access type 'examine' changed from 'examine:perm(Builder)' to 'examine:perm(Builder)' 
LockHandler on Manny: access type 'view' changed from 'view:all()' to 'view:all()' 
LockHandler on Manny: access type 'edit' changed from 'edit:perm(Admin)' to 'edit:perm(Admin)' 
LockHandler on Manny: access type 'delete' changed from 'delete:perm(Admin)' to 'delete:perm(Admin)' 
LockHandler on Manny: access type 'get' changed from 'get:false()' to 'get:all()' 
LockHandler on Manny: access type 'call' changed from 'call:false()' to 'call:true()' 
LockHandler on Manny: access type 'tell' changed from 'tell:perm(Admin)' to 'tell:perm(Admin)' 
LockHandler on Manny: access type 'puppet' changed from 'puppet:pperm(Developer)' to 'puppet:pperm(Developer)'
2018-02-18 15:06:34-0500 [-] LockHandler on Manny: access type 'get' changed from 'get:all()' to 'get:false()' 
LockHandler on Manny: access type 'call' changed from 'call:true()' to 'call:false()'
2018-02-18 15:09:07-0500 [-] LockHandler on Manny: access type 'control' changed from 'control:perm(Developer)' to 'control:perm(Developer)' 
LockHandler on Manny: access type 'examine' changed from 'examine:perm(Builder)' to 'examine:perm(Builder)' 
LockHandler on Manny: access type 'view' changed from 'view:all()' to 'view:all()' 
LockHandler on Manny: access type 'edit' changed from 'edit:perm(Admin)' to 'edit:perm(Admin)' 
LockHandler on Manny: access type 'delete' changed from 'delete:perm(Admin)' to 'delete:perm(Admin)' 
LockHandler on Manny: access type 'get' changed from 'get:false()' to 'get:all()' 
LockHandler on Manny: access type 'call' changed from 'call:false()' to 'call:true()' 
LockHandler on Manny: access type 'tell' changed from 'tell:perm(Admin)' to 'tell:perm(Admin)' 
LockHandler on Manny: access type 'puppet' changed from 'puppet:pperm(Developer)' to 'puppet:pperm(Developer)'
2018-02-18 15:09:07-0500 [-] LockHandler on Manny: access type 'get' changed from 'get:all()' to 'get:false()' 
LockHandler on Manny: access type 'call' changed from 'call:true()' to 'call:false()'
2018-02-18 15:10:38-0500 [-] LockHandler on Manny: access type 'control' changed from 'control:perm(Developer)' to 'control:perm(Developer)' 
LockHandler on Manny: access type 'examine' changed from 'examine:perm(Builder)' to 'examine:perm(Builder)' 
LockHandler on Manny: access type 'view' changed from 'view:all()' to 'view:all()' 
LockHandler on Manny: access type 'edit' changed from 'edit:perm(Admin)' to 'edit:perm(Admin)' 
LockHandler on Manny: access type 'delete' changed from 'delete:perm(Admin)' to 'delete:perm(Admin)' 
LockHandler on Manny: access type 'get' changed from 'get:false()' to 'get:all()' 
LockHandler on Manny: access type 'call' changed from 'call:false()' to 'call:true()' 
LockHandler on Manny: access type 'tell' changed from 'tell:perm(Admin)' to 'tell:perm(Admin)' 
LockHandler on Manny: access type 'puppet' changed from 'puppet:pperm(Developer)' to 'puppet:pperm(Developer)'
2018-02-18 15:10:38-0500 [-] LockHandler on Manny: access type 'get' changed from 'get:all()' to 'get:false()' 
LockHandler on Manny: access type 'call' changed from 'call:true()' to 'call:false()'
2018-02-18 15:12:31-0500 [-] LockHandler on Manny: access type 'control' changed from 'control:perm(Developer)' to 'control:perm(Developer)' 
LockHandler on Manny: access type 'examine' changed from 'examine:perm(Builder)' to 'examine:perm(Builder)' 
LockHandler on Manny: access type 'view' changed from 'view:all()' to 'view:all()' 
LockHandler on Manny: access type 'edit' changed from 'edit:perm(Admin)' to 'edit:perm(Admin)' 
LockHandler on Manny: access type 'delete' changed from 'delete:perm(Admin)' to 'delete:perm(Admin)' 
LockHandler on Manny: access type 'get' changed from 'get:false()' to 'get:all()' 
LockHandler on Manny: access type 'call' changed from 'call:false()' to 'call:true()' 
LockHandler on Manny: access type 'tell' changed from 'tell:perm(Admin)' to 'tell:perm(Admin)' 
LockHandler on Manny: access type 'puppet' changed from 'puppet:pperm(Developer)' to 'puppet:pperm(Developer)'
2018-02-18 15:12:31-0500 [-] LockHandler on Manny: access type 'get' changed from 'get:all()' to 'get:false()' 
LockHandler on Manny: access type 'call' changed from 'call:true()' to 'call:false()'
2018-02-18 23:16:42-0500 [-] LockHandler on Manny: access type 'control' changed from 'control:perm(Developer)' to 'control:perm(Developer)' 
LockHandler on Manny: access type 'examine' changed from 'examine:perm(Builder)' to 'examine:perm(Builder)' 
LockHandler on Manny: access type 'view' changed from 'view:all()' to 'view:all()' 
LockHandler on Manny: access type 'edit' changed from 'edit:perm(Admin)' to 'edit:perm(Admin)' 
LockHandler on Manny: access type 'delete' changed from 'delete:perm(Admin)' to 'delete:perm(Admin)' 
LockHandler on Manny: access type 'get' changed from 'get:false()' to 'get:all()' 
LockHandler on Manny: access type 'call' changed from 'call:false()' to 'call:true()' 
LockHandler on Manny: access type 'tell' changed from 'tell:perm(Admin)' to 'tell:perm(Admin)' 
LockHandler on Manny: access type 'puppet' changed from 'puppet:pperm(Developer)' to 'puppet:pperm(Developer)'
2018-02-18 23:16:42-0500 [-] LockHandler on Manny: access type 'get' changed from 'get:all()' to 'get:false()' 
LockHandler on Manny: access type 'call' changed from 'call:true()' to 'call:false()'
2018-02-18 23:18:28-0500 [-] LockHandler on Manny: access type 'control' changed from 'control:perm(Developer)' to 'control:perm(Developer)' 
LockHandler on Manny: access type 'examine' changed from 'examine:perm(Builder)' to 'examine:perm(Builder)' 
LockHandler on Manny: access type 'view' changed from 'view:all()' to 'view:all()' 
LockHandler on Manny: access type 'edit' changed from 'edit:perm(Admin)' to 'edit:perm(Admin)' 
LockHandler on Manny: access type 'delete' changed from 'delete:perm(Admin)' to 'delete:perm(Admin)' 
LockHandler on Manny: access type 'get' changed from 'get:false()' to 'get:all()' 
LockHandler on Manny: access type 'call' changed from 'call:false()' to 'call:true()' 
LockHandler on Manny: access type 'tell' changed from 'tell:perm(Admin)' to 'tell:perm(Admin)' 
LockHandler on Manny: access type 'puppet' changed from 'puppet:pperm(Developer)' to 'puppet:pperm(Developer)'
2018-02-18 23:18:28-0500 [-] LockHandler on Manny: access type 'get' changed from 'get:all()' to 'get:false()' 
LockHandler on Manny: access type 'call' changed from 'call:true()' to 'call:false()'
2018-02-18 23:19:59-0500 [-] LockHandler on Manny: access type 'control' changed from 'control:perm(Developer)' to 'control:perm(Developer)' 
LockHandler on Manny: access type 'examine' changed from 'examine:perm(Builder)' to 'examine:perm(Builder)' 
LockHandler on Manny: access type 'view' changed from 'view:all()' to 'view:all()' 
LockHandler on Manny: access type 'edit' changed from 'edit:perm(Admin)' to 'edit:perm(Admin)' 
LockHandler on Manny: access type 'delete' changed from 'delete:perm(Admin)' to 'delete:perm(Admin)' 
LockHandler on Manny: access type 'get' changed from 'get:false()' to 'get:all()' 
LockHandler on Manny: access type 'call' changed from 'call:false()' to 'call:true()' 
LockHandler on Manny: access type 'tell' changed from 'tell:perm(Admin)' to 'tell:perm(Admin)' 
LockHandler on Manny: access type 'puppet' changed from 'puppet:pperm(Developer)' to 'puppet:pperm(Developer)'
2018-02-18 23:19:59-0500 [-] LockHandler on Manny: access type 'get' changed from 'get:all()' to 'get:false()' 
LockHandler on Manny: access type 'call' changed from 'call:true()' to 'call:false()'
2018-02-18 23:28:55-0500 [-] LockHandler on Manny: access type 'control' changed from 'control:perm(Developer)' to 'control:perm(Developer)' 
LockHandler on Manny: access type 'examine' changed from 'examine:perm(Builder)' to 'examine:perm(Builder)' 
LockHandler on Manny: access type 'view' changed from 'view:all()' to 'view:all()' 
LockHandler on Manny: access type 'edit' changed from 'edit:perm(Admin)' to 'edit:perm(Admin)' 
LockHandler on Manny: access type 'delete' changed from 'delete:perm(Admin)' to 'delete:perm(Admin)' 
LockHandler on Manny: access type 'get' changed from 'get:false()' to 'get:all()' 
LockHandler on Manny: access type 'call' changed from 'call:false()' to 'call:true()' 
LockHandler on Manny: access type 'tell' changed from 'tell:perm(Admin)' to 'tell:perm(Admin)' 
LockHandler on Manny: access type 'puppet' changed from 'puppet:pperm(Developer)' to 'puppet:pperm(Developer)'
2018-02-18 23:28:55-0500 [-] LockHandler on Manny: access type 'get' changed from 'get:all()' to 'get:false()' 
LockHandler on Manny: access type 'call' changed from 'call:true()' to 'call:false()'
2018-02-18 23:30:22-0500 [-] LockHandler on Manny: access type 'control' changed from 'control:perm(Developer)' to 'control:perm(Developer)' 
LockHandler on Manny: access type 'examine' changed from 'examine:perm(Builder)' to 'examine:perm(Builder)' 
LockHandler on Manny: access type 'view' changed from 'view:all()' to 'view:all()' 
LockHandler on Manny: access type 'edit' changed from 'edit:perm(Admin)' to 'edit:perm(Admin)' 
LockHandler on Manny: access type 'delete' changed from 'delete:perm(Admin)' to 'delete:perm(Admin)' 
LockHandler on Manny: access type 'get' changed from 'get:false()' to 'get:all()' 
LockHandler on Manny: access type 'call' changed from 'call:false()' to 'call:true()' 
LockHandler on Manny: access type 'tell' changed from 'tell:perm(Admin)' to 'tell:perm(Admin)' 
LockHandler on Manny: access type 'puppet' changed from 'puppet:pperm(Developer)' to 'puppet:pperm(Developer)'
2018-02-18 23:30:22-0500 [-] LockHandler on Manny: access type 'get' changed from 'get:all()' to 'get:false()' 
LockHandler on Manny: access type 'call' changed from 'call:true()' to 'call:false()'
2018-02-18 23:30:35-0500 [-] LockHandler on Manny: access type 'control' changed from 'control:perm(Developer)' to 'control:perm(Developer)' 
LockHandler on Manny: access type 'examine' changed from 'examine:perm(Builder)' to 'examine:perm(Builder)' 
LockHandler on Manny: access type 'view' changed from 'view:all()' to 'view:all()' 
LockHandler on Manny: access type 'edit' changed from 'edit:perm(Admin)' to 'edit:perm(Admin)' 
LockHandler on Manny: access type 'delete' changed from 'delete:perm(Admin)' to 'delete:perm(Admin)' 
LockHandler on Manny: access type 'get' changed from 'get:false()' to 'get:all()' 
LockHandler on Manny: access type 'call' changed from 'call:false()' to 'call:true()' 
LockHandler on Manny: access type 'tell' changed from 'tell:perm(Admin)' to 'tell:perm(Admin)' 
LockHandler on Manny: access type 'puppet' changed from 'puppet:pperm(Developer)' to 'puppet:pperm(Developer)'
2018-02-18 23:30:35-0500 [-] LockHandler on Manny: access type 'get' changed from 'get:all()' to 'get:false()' 
LockHandler on Manny: access type 'call' changed from 'call:true()' to 'call:false()'
2018-02-18 23:31:43-0500 [-] LockHandler on Manny: access type 'control' changed from 'control:perm(Developer)' to 'control:perm(Developer)' 
LockHandler on Manny: access type 'examine' changed from 'examine:perm(Builder)' to 'examine:perm(Builder)' 
LockHandler on Manny: access type 'view' changed from 'view:all()' to 'view:all()' 
LockHandler on Manny: access type 'edit' changed from 'edit:perm(Admin)' to 'edit:perm(Admin)' 
LockHandler on Manny: access type 'delete' changed from 'delete:perm(Admin)' to 'delete:perm(Admin)' 
LockHandler on Manny: access type 'get' changed from 'get:false()' to 'get:all()' 
LockHandler on Manny: access type 'call' changed from 'call:false()' to 'call:true()' 
LockHandler on Manny: access type 'tell' changed from 'tell:perm(Admin)' to 'tell:perm(Admin)' 
LockHandler on Manny: access type 'puppet' changed from 'puppet:pperm(Developer)' to 'puppet:pperm(Developer)'
2018-02-18 23:31:43-0500 [-] LockHandler on Manny: access type 'get' changed from 'get:all()' to 'get:false()' 
LockHandler on Manny: access type 'call' changed from 'call:true()' to 'call:false()'
2018-02-18 23:34:05-0500 [-] LockHandler on Manny: access type 'control' changed from 'control:perm(Developer)' to 'control:perm(Developer)' 
LockHandler on Manny: access type 'examine' changed from 'examine:perm(Builder)' to 'examine:perm(Builder)' 
LockHandler on Manny: access type 'view' changed from 'view:all()' to 'view:all()' 
LockHandler on Manny: access type 'edit' changed from 'edit:perm(Admin)' to 'edit:perm(Admin)' 
LockHandler on Manny: access type 'delete' changed from 'delete:perm(Admin)' to 'delete:perm(Admin)' 
LockHandler on Manny: access type 'get' changed from 'get:false()' to 'get:all()' 
LockHandler on Manny: access type 'call' changed from 'call:false()' to 'call:true()' 
LockHandler on Manny: access type 'tell' changed from 'tell:perm(Admin)' to 'tell:perm(Admin)' 
LockHandler on Manny: access type 'puppet' changed from 'puppet:pperm(Developer)' to 'puppet:pperm(Developer)'
2018-02-18 23:34:05-0500 [-] LockHandler on Manny: access type 'get' changed from 'get:all()' to 'get:false()' 
LockHandler on Manny: access type 'call' changed from 'call:true()' to 'call:false()'
2018-02-18 23:39:50-0500 [-] LockHandler on Manny: access type 'control' changed from 'control:perm(Developer)' to 'control:perm(Developer)' 
LockHandler on Manny: access type 'examine' changed from 'examine:perm(Builder)' to 'examine:perm(Builder)' 
LockHandler on Manny: access type 'view' changed from 'view:all()' to 'view:all()' 
LockHandler on Manny: access type 'edit' changed from 'edit:perm(Admin)' to 'edit:perm(Admin)' 
LockHandler on Manny: access type 'delete' changed from 'delete:perm(Admin)' to 'delete:perm(Admin)' 
LockHandler on Manny: access type 'get' changed from 'get:false()' to 'get:all()' 
LockHandler on Manny: access type 'call' changed from 'call:false()' to 'call:true()' 
LockHandler on Manny: access type 'tell' changed from 'tell:perm(Admin)' to 'tell:perm(Admin)' 
LockHandler on Manny: access type 'puppet' changed from 'puppet:pperm(Developer)' to 'puppet:pperm(Developer)'
2018-02-18 23:39:50-0500 [-] LockHandler on Manny: access type 'get' changed from 'get:all()' to 'get:false()' 
LockHandler on Manny: access type 'call' changed from 'call:true()' to 'call:false()'
2018-02-18 23:45:21-0500 [-] LockHandler on Manny: access type 'control' changed from 'control:perm(Developer)' to 'control:perm(Developer)' 
LockHandler on Manny: access type 'examine' changed from 'examine:perm(Builder)' to 'examine:perm(Builder)' 
LockHandler on Manny: access type 'view' changed from 'view:all()' to 'view:all()' 
LockHandler on Manny: access type 'edit' changed from 'edit:perm(Admin)' to 'edit:perm(Admin)' 
LockHandler on Manny: access type 'delete' changed from 'delete:perm(Admin)' to 'delete:perm(Admin)' 
LockHandler on Manny: access type 'get' changed from 'get:false()' to 'get:all()' 
LockHandler on Manny: access type 'call' changed from 'call:false()' to 'call:true()' 
LockHandler on Manny: access type 'tell' changed from 'tell:perm(Admin)' to 'tell:perm(Admin)' 
LockHandler on Manny: access type 'puppet' changed from 'puppet:pperm(Developer)' to 'puppet:pperm(Developer)'
2018-02-18 23:45:21-0500 [-] LockHandler on Manny: access type 'get' changed from 'get:all()' to 'get:false()' 
LockHandler on Manny: access type 'call' changed from 'call:true()' to 'call:false()'
2018-02-18 23:46:43-0500 [-] LockHandler on Manny: access type 'control' changed from 'control:perm(Developer)' to 'control:perm(Developer)' 
LockHandler on Manny: access type 'examine' changed from 'examine:perm(Builder)' to 'examine:perm(Builder)' 
LockHandler on Manny: access type 'view' changed from 'view:all()' to 'view:all()' 
LockHandler on Manny: access type 'edit' changed from 'edit:perm(Admin)' to 'edit:perm(Admin)' 
LockHandler on Manny: access type 'delete' changed from 'delete:perm(Admin)' to 'delete:perm(Admin)' 
LockHandler on Manny: access type 'get' changed from 'get:false()' to 'get:all()' 
LockHandler on Manny: access type 'call' changed from 'call:false()' to 'call:true()' 
LockHandler on Manny: access type 'tell' changed from 'tell:perm(Admin)' to 'tell:perm(Admin)' 
LockHandler on Manny: access type 'puppet' changed from 'puppet:pperm(Developer)' to 'puppet:pperm(Developer)'
2018-02-18 23:46:43-0500 [-] LockHandler on Manny: access type 'get' changed from 'get:all()' to 'get:false()' 
LockHandler on Manny: access type 'call' changed from 'call:true()' to 'call:false()'
2018-02-18 23:52:25-0500 [-] LockHandler on Manny: access type 'control' changed from 'control:perm(Developer)' to 'control:perm(Developer)' 
LockHandler on Manny: access type 'examine' changed from 'examine:perm(Builder)' to 'examine:perm(Builder)' 
LockHandler on Manny: access type 'view' changed from 'view:all()' to 'view:all()' 
LockHandler on Manny: access type 'edit' changed from 'edit:perm(Admin)' to 'edit:perm(Admin)' 
LockHandler on Manny: access type 'delete' changed from 'delete:perm(Admin)' to 'delete:perm(Admin)' 
LockHandler on Manny: access type 'get' changed from 'get:false()' to 'get:all()' 
LockHandler on Manny: access type 'call' changed from 'call:false()' to 'call:true()' 
LockHandler on Manny: access type 'tell' changed from 'tell:perm(Admin)' to 'tell:perm(Admin)' 
LockHandler on Manny: access type 'puppet' changed from 'puppet:pperm(Developer)' to 'puppet:pperm(Developer)'
2018-02-18 23:52:25-0500 [-] LockHandler on Manny: access type 'get' changed from 'get:all()' to 'get:false()' 
LockHandler on Manny: access type 'call' changed from 'call:true()' to 'call:false()'
2018-02-18 23:57:34-0500 [-] LockHandler on Manny: access type 'control' changed from 'control:perm(Developer)' to 'control:perm(Developer)' 
LockHandler on Manny: access type 'examine' changed from 'examine:perm(Builder)' to 'examine:perm(Builder)' 
LockHandler on Manny: access type 'view' changed from 'view:all()' to 'view:all()' 
LockHandler on Manny: access type 'edit' changed from 'edit:perm(Admin)' to 'edit:perm(Admin)' 
LockHandler on Manny: access type 'delete' changed from 'delete:perm(Admin)' to 'delete:perm(Admin)' 
LockHandler on Manny: access type 'get' changed from 'get:false()' to 'get:all()' 
LockHandler on Manny: access type 'call' changed from 'call:false()' to 'call:true()' 
LockHandler on Manny: access type 'tell' changed from 'tell:perm(Admin)' to 'tell:perm(Admin)' 
LockHandler on Manny: access type 'puppet' changed from 'puppet:pperm(Developer)' to 'puppet:pperm(Developer)'
2018-02-18 23:57:34-0500 [-] LockHandler on Manny: access type 'get' changed from 'get:all()' to 'get:false()' 
LockHandler on Manny: access type 'call' changed from 'call:true()' to 'call:false()'
2018-02-19 00:01:44-0500 [-] LockHandler on Manny: access type 'control' changed from 'control:perm(Developer)' to 'control:perm(Developer)' 
LockHandler on Manny: access type 'examine' changed from 'examine:perm(Builder)' to 'examine:perm(Builder)' 
LockHandler on Manny: access type 'view' changed from 'view:all()' to 'view:all()' 
LockHandler on Manny: access type 'edit' changed from 'edit:perm(Admin)' to 'edit:perm(Admin)' 
LockHandler on Manny: access type 'delete' changed from 'delete:perm(Admin)' to 'delete:perm(Admin)' 
LockHandler on Manny: access type 'get' changed from 'get:false()' to 'get:all()' 
LockHandler on Manny: access type 'call' changed from 'call:false()' to 'call:true()' 
LockHandler on Manny: access type 'tell' changed from 'tell:perm(Admin)' to 'tell:perm(Admin)' 
LockHandler on Manny: access type 'puppet' changed from 'puppet:pperm(Developer)' to 'puppet:pperm(Developer)'
2018-02-19 00:01:44-0500 [-] LockHandler on Manny: access type 'get' changed from 'get:all()' to 'get:false()' 
LockHandler on Manny: access type 'call' changed from 'call:true()' to 'call:false()'
2018-02-19 00:08:12-0500 [-] LockHandler on Manny: access type 'control' changed from 'control:perm(Developer)' to 'control:perm(Developer)' 
LockHandler on Manny: access type 'examine' changed from 'examine:perm(Builder)' to 'examine:perm(Builder)' 
LockHandler on Manny: access type 'view' changed from 'view:all()' to 'view:all()' 
LockHandler on Manny: access type 'edit' changed from 'edit:perm(Admin)' to 'edit:perm(Admin)' 
LockHandler on Manny: access type 'delete' changed from 'delete:perm(Admin)' to 'delete:perm(Admin)' 
LockHandler on Manny: access type 'get' changed from 'get:false()' to 'get:all()' 
LockHandler on Manny: access type 'call' changed from 'call:false()' to 'call:true()' 
LockHandler on Manny: access type 'tell' changed from 'tell:perm(Admin)' to 'tell:perm(Admin)' 
LockHandler on Manny: access type 'puppet' changed from 'puppet:pperm(Developer)' to 'puppet:pperm(Developer)'
2018-02-19 00:08:12-0500 [-] LockHandler on Manny: access type 'get' changed from 'get:all()' to 'get:false()' 
LockHandler on Manny: access type 'call' changed from 'call:true()' to 'call:false()'
2018-02-19 00:12:45-0500 [-] LockHandler on Manny: access type 'control' changed from 'control:perm(Developer)' to 'control:perm(Developer)' 
LockHandler on Manny: access type 'examine' changed from 'examine:perm(Builder)' to 'examine:perm(Builder)' 
LockHandler on Manny: access type 'view' changed from 'view:all()' to 'view:all()' 
LockHandler on Manny: access type 'edit' changed from 'edit:perm(Admin)' to 'edit:perm(Admin)' 
LockHandler on Manny: access type 'delete' changed from 'delete:perm(Admin)' to 'delete:perm(Admin)' 
LockHandler on Manny: access type 'get' changed from 'get:false()' to 'get:all()' 
LockHandler on Manny: access type 'call' changed from 'call:false()' to 'call:true()' 
LockHandler on Manny: access type 'tell' changed from 'tell:perm(Admin)' to 'tell:perm(Admin)' 
LockHandler on Manny: access type 'puppet' changed from 'puppet:pperm(Developer)' to 'puppet:pperm(Developer)'
2018-02-19 00:12:45-0500 [-] LockHandler on Manny: access type 'get' changed from 'get:all()' to 'get:false()' 
LockHandler on Manny: access type 'call' changed from 'call:true()' to 'call:false()'
2018-02-19 00:20:01-0500 [-] LockHandler on Manny: access type 'control' changed from 'control:perm(Developer)' to 'control:perm(Developer)' 
LockHandler on Manny: access type 'examine' changed from 'examine:perm(Builder)' to 'examine:perm(Builder)' 
LockHandler on Manny: access type 'view' changed from 'view:all()' to 'view:all()' 
LockHandler on Manny: access type 'edit' changed from 'edit:perm(Admin)' to 'edit:perm(Admin)' 
LockHandler on Manny: access type 'delete' changed from 'delete:perm(Admin)' to 'delete:perm(Admin)' 
LockHandler on Manny: access type 'get' changed from 'get:false()' to 'get:all()' 
LockHandler on Manny: access type 'call' changed from 'call:false()' to 'call:true()' 
LockHandler on Manny: access type 'tell' changed from 'tell:perm(Admin)' to 'tell:perm(Admin)' 
LockHandler on Manny: access type 'puppet' changed from 'puppet:pperm(Developer)' to 'puppet:pperm(Developer)'
2018-02-19 00:20:01-0500 [-] LockHandler on Manny: access type 'get' changed from 'get:all()' to 'get:false()' 
LockHandler on Manny: access type 'call' changed from 'call:true()' to 'call:false()'
2018-02-19 00:22:30-0500 [-] LockHandler on Manny: access type 'control' changed from 'control:perm(Developer)' to 'control:perm(Developer)' 
LockHandler on Manny: access type 'examine' changed from 'examine:perm(Builder)' to 'examine:perm(Builder)' 
LockHandler on Manny: access type 'view' changed from 'view:all()' to 'view:all()' 
LockHandler on Manny: access type 'edit' changed from 'edit:perm(Admin)' to 'edit:perm(Admin)' 
LockHandler on Manny: access type 'delete' changed from 'delete:perm(Admin)' to 'delete:perm(Admin)' 
LockHandler on Manny: access type 'get' changed from 'get:false()' to 'get:all()' 
LockHandler on Manny: access type 'call' changed from 'call:false()' to 'call:true()' 
LockHandler on Manny: access type 'tell' changed from 'tell:perm(Admin)' to 'tell:perm(Admin)' 
LockHandler on Manny: access type 'puppet' changed from 'puppet:pperm(Developer)' to 'puppet:pperm(Developer)'
2018-02-19 00:22:30-0500 [-] LockHandler on Manny: access type 'get' changed from 'get:all()' to 'get:false()' 
LockHandler on Manny: access type 'call' changed from 'call:true()' to 'call:false()'
2018-02-19 01:50:55-0500 [-] LockHandler on Manny: access type 'control' changed from 'control:perm(Developer)' to 'control:perm(Developer)' 
LockHandler on Manny: access type 'examine' changed from 'examine:perm(Builder)' to 'examine:perm(Builder)' 
LockHandler on Manny: access type 'view' changed from 'view:all()' to 'view:all()' 
LockHandler on Manny: access type 'edit' changed from 'edit:perm(Admin)' to 'edit:perm(Admin)' 
LockHandler on Manny: access type 'delete' changed from 'delete:perm(Admin)' to 'delete:perm(Admin)' 
LockHandler on Manny: access type 'get' changed from 'get:false()' to 'get:all()' 
LockHandler on Manny: access type 'call' changed from 'call:false()' to 'call:true()' 
LockHandler on Manny: access type 'tell' changed from 'tell:perm(Admin)' to 'tell:perm(Admin)' 
LockHandler on Manny: access type 'puppet' changed from 'puppet:pperm(Developer)' to 'puppet:pperm(Developer)'
2018-02-19 01:50:55-0500 [-] LockHandler on Manny: access type 'get' changed from 'get:all()' to 'get:false()' 
LockHandler on Manny: access type 'call' changed from 'call:true()' to 'call:false()'
2018-02-21 21:44:27-0500 [-] LockHandler on Sam: access type 'control' changed from 'control:perm(Developer)' to 'control:perm(Developer)' 
LockHandler on Sam: access type 'examine' changed from 'examine:perm(Builder)' to 'examine:perm(Builder)' 
LockHandler on Sam: access type 'view' changed from 'view:all()' to 'view:all()' 
LockHandler on Sam: access type 'edit' changed from 'edit:perm(Admin)' to 'edit:perm(Admin)' 
LockHandler on Sam: access type 'delete' changed from 'delete:perm(Admin)' to 'delete:perm(Admin)' 
LockHandler on Sam: access type 'get' changed from 'get:false()' to 'get:all()' 
LockHandler on Sam: access type 'call' changed from 'call:false()' to 'call:true()' 
LockHandler on Sam: access type 'tell' changed from 'tell:perm(Admin)' to 'tell:perm(Admin)' 
LockHandler on Sam: access type 'puppet' changed from 'puppet:pperm(Developer)' to 'puppet:pperm(Developer)'
2018-02-21 21:44:27-0500 [-] LockHandler on Sam: access type 'get' changed from 'get:all()' to 'get:false()' 
LockHandler on Sam: access type 'call' changed from 'call:true()' to 'call:false()'
2018-02-21 21:44:31-0500 [-] LockHandler on Living Room: access type 'control' changed from 'control:perm(Developer)' to 'control:perm(Developer)' 
LockHandler on Living Room: access type 'examine' changed from 'examine:perm(Builder)' to 'examine:perm(Builder)' 
LockHandler on Living Room: access type 'view' changed from 'view:all()' to 'view:all()' 
LockHandler on Living Room: access type 'edit' changed from 'edit:perm(Admin)' to 'edit:perm(Admin)' 
LockHandler on Living Room: access type 'delete' changed from 'delete:perm(Admin)' to 'delete:perm(Admin)' 
LockHandler on Living Room: access type 'get' changed from 'get:false()' to 'get:all()' 
LockHandler on Living Room: access type 'call' changed from 'call:true()' to 'call:true()' 
LockHandler on Living Room: access type 'tell' changed from 'tell:perm(Admin)' to 'tell:perm(Admin)' 
LockHandler on Living Room: access type 'puppet' changed from 'puppet:false()' to 'puppet:pperm(Developer)'
2018-02-21 21:44:31-0500 [-] LockHandler on Living Room: access type 'get' changed from 'get:all()' to 'get:false()' 
LockHandler on Living Room: access type 'puppet' changed from 'puppet:pperm(Developer)' to 'puppet:false()'
2018-02-21 21:57:23-0500 [-] LockHandler on Sam: access type 'control' changed from 'control:perm(Developer)' to 'control:perm(Developer)' 
LockHandler on Sam: access type 'examine' changed from 'examine:perm(Builder)' to 'examine:perm(Builder)' 
LockHandler on Sam: access type 'view' changed from 'view:all()' to 'view:all()' 
LockHandler on Sam: access type 'edit' changed from 'edit:perm(Admin)' to 'edit:perm(Admin)' 
LockHandler on Sam: access type 'delete' changed from 'delete:perm(Admin)' to 'delete:perm(Admin)' 
LockHandler on Sam: access type 'get' changed from 'get:false()' to 'get:all()' 
LockHandler on Sam: access type 'call' changed from 'call:false()' to 'call:true()' 
LockHandler on Sam: access type 'tell' changed from 'tell:perm(Admin)' to 'tell:perm(Admin)' 
LockHandler on Sam: access type 'puppet' changed from 'puppet:pperm(Developer)' to 'puppet:pperm(Developer)'
2018-02-21 21:57:23-0500 [-] LockHandler on Sam: access type 'get' changed from 'get:all()' to 'get:false()' 
LockHandler on Sam: access type 'call' changed from 'call:true()' to 'call:false()'
2018-02-21 21:57:27-0500 [-] LockHandler on Living Room: access type 'control' changed from 'control:perm(Developer)' to 'control:perm(Developer)' 
LockHandler on Living Room: access type 'examine' changed from 'examine:perm(Builder)' to 'examine:perm(Builder)' 
LockHandler on Living Room: access type 'view' changed from 'view:all()' to 'view:all()' 
LockHandler on Living Room: access type 'edit' changed from 'edit:perm(Admin)' to 'edit:perm(Admin)' 
LockHandler on Living Room: access type 'delete' changed from 'delete:perm(Admin)' to 'delete:perm(Admin)' 
LockHandler on Living Room: access type 'get' changed from 'get:false()' to 'get:all()' 
LockHandler on Living Room: access type 'call' changed from 'call:true()' to 'call:true()' 
LockHandler on Living Room: access type 'tell' changed from 'tell:perm(Admin)' to 'tell:perm(Admin)' 
LockHandler on Living Room: access type 'puppet' changed from 'puppet:false()' to 'puppet:pperm(Developer)'
2018-02-21 21:57:27-0500 [-] LockHandler on Living Room: access type 'get' changed from 'get:all()' to 'get:false()' 
LockHandler on Living Room: access type 'puppet' changed from 'puppet:pperm(Developer)' to 'puppet:false()'
2018-02-21 22:22:41-0500 [-] LockHandler on Sam: access type 'control' changed from 'control:perm(Developer)' to 'control:perm(Developer)' 
LockHandler on Sam: access type 'examine' changed from 'examine:perm(Builder)' to 'examine:perm(Builder)' 
LockHandler on Sam: access type 'view' changed from 'view:all()' to 'view:all()' 
LockHandler on Sam: access type 'edit' changed from 'edit:perm(Admin)' to 'edit:perm(Admin)' 
LockHandler on Sam: access type 'delete' changed from 'delete:perm(Admin)' to 'delete:perm(Admin)' 
LockHandler on Sam: access type 'get' changed from 'get:false()' to 'get:all()' 
LockHandler on Sam: access type 'call' changed from 'call:false()' to 'call:true()' 
LockHandler on Sam: access type 'tell' changed from 'tell:perm(Admin)' to 'tell:perm(Admin)' 
LockHandler on Sam: access type 'puppet' changed from 'puppet:pperm(Developer)' to 'puppet:pperm(Developer)'
2018-02-21 22:22:41-0500 [-] LockHandler on Sam: access type 'get' changed from 'get:all()' to 'get:false()' 
LockHandler on Sam: access type 'call' changed from 'call:true()' to 'call:false()'
2018-02-21 22:22:44-0500 [-] LockHandler on Living Room: access type 'control' changed from 'control:perm(Developer)' to 'control:perm(Developer)' 
LockHandler on Living Room: access type 'examine' changed from 'examine:perm(Builder)' to 'examine:perm(Builder)' 
LockHandler on Living Room: access type 'view' changed from 'view:all()' to 'view:all()' 
LockHandler on Living Room: access type 'edit' changed from 'edit:perm(Admin)' to 'edit:perm(Admin)' 
LockHandler on Living Room: access type 'delete' changed from 'delete:perm(Admin)' to 'delete:perm(Admin)' 
LockHandler on Living Room: access type 'get' changed from 'get:false()' to 'get:all()' 
LockHandler on Living Room: access type 'call' changed from 'call:true()' to 'call:true()' 
LockHandler on Living Room: access type 'tell' changed from 'tell:perm(Admin)' to 'tell:perm(Admin)' 
LockHandler on Living Room: access type 'puppet' changed from 'puppet:false()' to 'puppet:pperm(Developer)'
2018-02-21 22:22:44-0500 [-] LockHandler on Living Room: access type 'get' changed from 'get:all()' to 'get:false()' 
LockHandler on Living Room: access type 'puppet' changed from 'puppet:pperm(Developer)' to 'puppet:false()'
2018-02-26 19:55:57-0500 [-] LockHandler on Sam: access type 'control' changed from 'control:perm(Developer)' to 'control:perm(Developer)' 
LockHandler on Sam: access type 'examine' changed from 'examine:perm(Builder)' to 'examine:perm(Builder)' 
LockHandler on Sam: access type 'view' changed from 'view:all()' to 'view:all()' 
LockHandler on Sam: access type 'edit' changed from 'edit:perm(Admin)' to 'edit:perm(Admin)' 
LockHandler on Sam: access type 'delete' changed from 'delete:perm(Admin)' to 'delete:perm(Admin)' 
LockHandler on Sam: access type 'get' changed from 'get:false()' to 'get:all()' 
LockHandler on Sam: access type 'call' changed from 'call:false()' to 'call:true()' 
LockHandler on Sam: access type 'tell' changed from 'tell:perm(Admin)' to 'tell:perm(Admin)' 
LockHandler on Sam: access type 'puppet' changed from 'puppet:pperm(Developer)' to 'puppet:pperm(Developer)'
2018-02-26 19:55:57-0500 [-] LockHandler on Sam: access type 'get' changed from 'get:all()' to 'get:false()' 
LockHandler on Sam: access type 'call' changed from 'call:true()' to 'call:false()'